<?xml version="1.0" encoding="UTF-8"?>
<testng-results skipped="0" failed="0" ignored="0" total="2" passed="2">
  <reporter-output>
  </reporter-output>
  <suite name="Default suite" duration-ms="12266" started-at="2017-07-06T18:45:33Z" finished-at="2017-07-06T18:45:45Z">
    <groups>
    </groups>
    <test name="Default test" duration-ms="12266" started-at="2017-07-06T18:45:33Z" finished-at="2017-07-06T18:45:45Z">
      <class name="org.apache.maven.testNG.xyz">
        <test-method status="PASS" signature="init()[pri:0, instance:org.apache.maven.testNG.xyz@215be6bb]" name="init" is-config="true" duration-ms="6912" started-at="2017-07-06T19:45:33Z" finished-at="2017-07-06T19:45:40Z">
          <reporter-output>
          </reporter-output>
        </test-method> <!-- init -->
        <test-method status="PASS" signature="f1()[pri:0, instance:org.apache.maven.testNG.xyz@215be6bb]" name="f1" duration-ms="2704" started-at="2017-07-06T19:45:40Z" finished-at="2017-07-06T19:45:43Z">
          <reporter-output>
          </reporter-output>
        </test-method> <!-- f1 -->
        <test-method status="PASS" signature="function()[pri:0, instance:org.apache.maven.testNG.xyz@215be6bb]" name="function" duration-ms="2615" started-at="2017-07-06T19:45:43Z" finished-at="2017-07-06T19:45:45Z">
          <reporter-output>
          </reporter-output>
        </test-method> <!-- function -->
        <test-method status="PASS" signature="f2()[pri:0, instance:org.apache.maven.testNG.xyz@215be6bb]" name="f2" is-config="true" duration-ms="10" started-at="2017-07-06T19:45:45Z" finished-at="2017-07-06T19:45:45Z">
          <reporter-output>
          </reporter-output>
        </test-method> <!-- f2 -->
      </class> <!-- org.apache.maven.testNG.xyz -->
    </test> <!-- Default test -->
  </suite> <!-- Default suite -->
</testng-results>
